<?xml version="1.0" encoding="UTF-8"?>
<!-- Generated by org.testng.reporters.JUnitXMLReporter -->
<testsuite hostname="viao-PC" ignored="0" name="Different class execute" tests="9" failures="0" timestamp="17 Aug 2018 08:36:39 GMT" time="0.661" errors="0">
  <testcase name="@BeforeMethod enterurl" time="0.457" classname="TestNG_FrameWork.FreeCrmLoginTest">
    <failure type="java.lang.IllegalStateException" message="The driver executable does not exist: C:\Users\Swastik Computers\workspace_ee\TDD_Frame\drivers\chromedriver.exe">
      <![CDATA[java.lang.IllegalStateException: The driver executable does not exist: C:\Users\Swastik Computers\workspace_ee\TDD_Frame\drivers\chromedriver.exe
at com.google.common.base.Preconditions.checkState(Preconditions.java:585)
at org.openqa.selenium.remote.service.DriverService.checkExecutable(DriverService.java:137)
at org.openqa.selenium.remote.service.DriverService.findExecutable(DriverService.java:132)
at org.openqa.selenium.chrome.ChromeDriverService.access$000(ChromeDriverService.java:35)
at org.openqa.selenium.chrome.ChromeDriverService$Builder.findDefaultExecutable(ChromeDriverService.java:156)
at org.openqa.selenium.remote.service.DriverService$Builder.build(DriverService.java:346)
at org.openqa.selenium.chrome.ChromeDriverService.createDefaultService(ChromeDriverService.java:91)
at org.openqa.selenium.chrome.ChromeDriver.<init>(ChromeDriver.java:123)
at TestNG_FrameWork.FreeCrmLoginTest.enterurl(FreeCrmLoginTest.java:42)
... Removed 28 stack frames]]>
    </failure>
  </testcase> <!-- @BeforeMethod enterurl -->
  <testcase name="@AfterMethod logout" time="0.0" classname="TestNG_FrameWork.FreeCrmLoginTest">
    <skipped/>
  </testcase> <!-- @AfterMethod logout -->
  <testcase name="@AfterClass unused_3" time="0.0" classname="TestNG_FrameWork.FreeCrmLoginTest">
    <skipped/>
  </testcase> <!-- @AfterClass unused_3 -->
  <testcase name="@AfterTest deletecookies" time="0.0" classname="TestNG_FrameWork.FreeCrmLoginTest">
    <skipped/>
  </testcase> <!-- @AfterTest deletecookies -->
  <testcase name="@AfterTest deletecookies" time="0.0" classname="TestNG_FrameWork.TestNG_Basic">
    <skipped/>
  </testcase> <!-- @AfterTest deletecookies -->
  <testcase name="test1" time="0.016" classname="TestNG_FrameWork.ExceptionTimeout"/>
  <testcase name="logindetails" time="0.0" classname="TestNG_FrameWork.FreeCrmLoginTest">
    <skipped/>
  </testcase> <!-- logindetails -->
  <testcase name="sum" time="0.002" classname="TestNG_FrameWork.InvocationCount"/>
  <testcase name="sum" time="0.003" classname="TestNG_FrameWork.InvocationCount"/>
  <testcase name="sum" time="0.002" classname="TestNG_FrameWork.InvocationCount"/>
  <testcase name="sum" time="0.002" classname="TestNG_FrameWork.InvocationCount"/>
  <testcase name="sum" time="0.002" classname="TestNG_FrameWork.InvocationCount"/>
  <testcase name="getTitle" time="0.002" classname="TestNG_FrameWork.TestNG_Basic"/>
  <testcase name="searchText" time="0.002" classname="TestNG_FrameWork.TestNG_Basic"/>
</testsuite> <!-- Different class execute -->
